[   392.226] 
X.Org X Server 1.21.1.11
X Protocol Version 11, Revision 0
[   392.226] Current Operating System: Linux juliamariamjikku 6.17.0-20-generic #20~24.04.1-Ubuntu SMP PREEMPT_DYNAMIC Thu Mar 19 01:28:37 UTC 2 x86_64
[   392.226] Kernel command line: BOOT_IMAGE=/boot/vmlinuz-6.17.0-20-generic root=UUID=c08f5ddd-b357-409f-bff7-8b3b55ca8afe ro quiet splash
[   392.226] xorg-server 2:21.1.12-1ubuntu1.5 (For technical support please see http://www.ubuntu.com/support) 
[   392.226] Current version of pixman: 0.42.2
[   392.226] 	Before reporting problems, check http://wiki.x.org
	to make sure that you have the latest version.
[   392.226] Markers: (--) probed, (**) from config file, (==) default setting,
	(++) from command line, (!!) notice, (II) informational,
	(WW) warning, (EE) error, (NI) not implemented, (??) unknown.
[   392.226] (==) Log file: "/home/juliamariamjikku/.local/share/xorg/Xorg.2.log", Time: Sun Apr 19 16:29:24 2026
[   392.229] (==) Using system config directory "/usr/share/X11/xorg.conf.d"
[   392.234] (==) No Layout section.  Using the first Screen section.
[   392.234] (==) No screen section available. Using defaults.
[   392.234] (**) |-->Screen "Default Screen Section" (0)
[   392.234] (**) |   |-->Monitor "<default monitor>"
[   392.234] (==) No monitor specified for screen "Default Screen Section".
	Using a default monitor configuration.
[   392.234] (**) Allowing byte-swapped clients
[   392.234] (==) Automatically adding devices
[   392.234] (==) Automatically enabling devices
[   392.234] (==) Automatically adding GPU devices
[   392.234] (==) Automatically binding GPU devices
[   392.235] (==) Max clients allowed: 256, resource mask: 0x1fffff
[   392.235] (WW) The directory "/usr/share/fonts/X11/cyrillic" does not exist.
[   392.235] 	Entry deleted from font path.
[   392.235] (WW) The directory "/usr/share/fonts/X11/100dpi/" does not exist.
[   392.235] 	Entry deleted from font path.
[   392.235] (WW) The directory "/usr/share/fonts/X11/75dpi/" does not exist.
[   392.235] 	Entry deleted from font path.
[   392.235] (WW) The directory "/usr/share/fonts/X11/100dpi" does not exist.
[   392.235] 	Entry deleted from font path.
[   392.235] (WW) The directory "/usr/share/fonts/X11/75dpi" does not exist.
[   392.235] 	Entry deleted from font path.
[   392.235] (==) FontPath set to:
	/usr/share/fonts/X11/misc,
	/usr/share/fonts/X11/Type1,
	built-ins
[   392.235] (==) ModulePath set to "/usr/lib/xorg/modules"
[   392.235] (II) The server relies on udev to provide the list of input devices.
	If no devices become available, reconfigure udev or disable AutoAddDevices.
[   392.235] (II) Loader magic: 0x6457ed53d020
[   392.235] (II) Module ABI versions:
[   392.235] 	X.Org ANSI C Emulation: 0.4
[   392.235] 	X.Org Video Driver: 25.2
[   392.235] 	X.Org XInput driver : 24.4
[   392.235] 	X.Org Server Extension : 10.0
[   392.236] (++) using VT number 3

[   392.240] (II) systemd-logind: took control of session /org/freedesktop/login1/session/_35
[   392.243] (II) xfree86: Adding drm device (/dev/dri/card0)
[   392.243] (II) Platform probe for /sys/devices/pci0000:00/0000:00:02.0/drm/card0
[   392.245] (II) systemd-logind: got fd for /dev/dri/card0 226:0 fd 13 paused 0
[   392.249] (--) PCI:*(0@0:2:0) 15ad:0405:15ad:0405 rev 0, Mem @ 0xe0000000/134217728, 0xf0000000/2097152, I/O @ 0x0000d010/16, BIOS @ 0x????????/131072
[   392.249] (II) LoadModule: "glx"
[   392.251] (II) Loading /usr/lib/xorg/modules/extensions/libglx.so
[   392.256] (II) Module glx: vendor="X.Org Foundation"
[   392.256] 	compiled for 1.21.1.11, module version = 1.0.0
[   392.256] 	ABI class: X.Org Server Extension, version 10.0
[   392.256] (==) Matched vmware as autoconfigured driver 0
[   392.256] (==) Matched modesetting as autoconfigured driver 1
[   392.256] (==) Matched fbdev as autoconfigured driver 2
[   392.256] (==) Matched vesa as autoconfigured driver 3
[   392.256] (==) Assigned the driver to the xf86ConfigLayout
[   392.256] (II) LoadModule: "vmware"
[   392.256] (II) Loading /usr/lib/xorg/modules/drivers/vmware_drv.so
[   392.304] (II) Module vmware: vendor="X.Org Foundation"
[   392.304] 	compiled for 1.21.1.11, module version = 13.4.0
[   392.304] 	Module class: X.Org Video Driver
[   392.304] 	ABI class: X.Org Video Driver, version 25.2
[   392.304] (II) LoadModule: "modesetting"
[   392.304] (II) Loading /usr/lib/xorg/modules/drivers/modesetting_drv.so
[   392.307] (II) Module modesetting: vendor="X.Org Foundation"
[   392.307] 	compiled for 1.21.1.11, module version = 1.21.1
[   392.307] 	Module class: X.Org Video Driver
[   392.307] 	ABI class: X.Org Video Driver, version 25.2
[   392.307] (II) LoadModule: "fbdev"
[   392.307] (II) Loading /usr/lib/xorg/modules/drivers/fbdev_drv.so
[   392.309] (II) Module fbdev: vendor="X.Org Foundation"
[   392.309] 	compiled for 1.21.1.11, module version = 0.5.0
[   392.309] 	Module class: X.Org Video Driver
[   392.309] 	ABI class: X.Org Video Driver, version 25.2
[   392.309] (II) LoadModule: "vesa"
[   392.309] (II) Loading /usr/lib/xorg/modules/drivers/vesa_drv.so
[   392.310] (II) Module vesa: vendor="X.Org Foundation"
[   392.310] 	compiled for 1.21.1.7, module version = 2.6.0
[   392.310] 	Module class: X.Org Video Driver
[   392.310] 	ABI class: X.Org Video Driver, version 25.2
[   392.310] (II) vmware: driver for VMware SVGA: vmware0405, vmware0710
[   392.310] (II) modesetting: Driver for Modesetting Kernel Drivers: kms
[   392.310] (II) FBDEV: driver for framebuffer: fbdev
[   392.310] (II) VESA: driver for VESA chipsets: vesa
[   392.310] xf86EnableIO: failed to enable I/O ports 0000-03ff (Operation not permitted)
[   392.310] (WW) Falling back to old probe method for modesetting
[   392.310] (WW) Falling back to old probe method for fbdev
[   392.310] (II) Loading sub module "fbdevhw"
[   392.310] (II) LoadModule: "fbdevhw"
[   392.310] (II) Loading /usr/lib/xorg/modules/libfbdevhw.so
[   392.311] (II) Module fbdevhw: vendor="X.Org Foundation"
[   392.311] 	compiled for 1.21.1.11, module version = 0.0.2
[   392.311] 	ABI class: X.Org Video Driver, version 25.2
[   392.311] (EE) open /dev/fb0: Permission denied
[   392.311] (WW) VGA arbiter: cannot open kernel arbiter, no multi-card support
[   392.311] (II) vmware(0): Creating default Display subsection in Screen section
	"Default Screen Section" for depth/fbbpp 24/32
[   392.311] (--) vmware(0): DRM driver version is 2.21.0
[   392.311] (==) vmware(0): Depth 24, (--) framebuffer bpp 32
[   392.311] (==) vmware(0): RGB weight 888
[   392.311] (==) vmware(0): Default visual is TrueColor
[   392.311] (--) vmware(0): Min width 1, Max Width 16384.
[   392.311] (--) vmware(0): Min height 1, Max Height 16384.
[   392.311] (II) vmware(0): Output Virtual1 has no monitor section
[   392.312] (II) vmware(0): Output Virtual2 has no monitor section
[   392.312] (II) vmware(0): Output Virtual3 has no monitor section
[   392.312] (II) vmware(0): Output Virtual4 has no monitor section
[   392.312] (II) vmware(0): Output Virtual5 has no monitor section
[   392.312] (II) vmware(0): Output Virtual6 has no monitor section
[   392.312] (II) vmware(0): Output Virtual7 has no monitor section
[   392.312] (II) vmware(0): Output Virtual8 has no monitor section
[   392.312] (II) vmware(0): Printing probed modes for output Virtual1
[   392.312] (II) vmware(0): Modeline "1280x800"x60.0   81.51  1280 1330 1380 1430  800 850 900 950 -hsync +vsync (57.0 kHz eP)
[   392.312] (II) vmware(0): Modeline "4096x2160"x60.0  556.74  4096 4104 4136 4176  2160 2208 2216 2222 +hsync -vsync (133.3 kHz e)
[   392.312] (II) vmware(0): Modeline "4096x2160"x59.9  556.19  4096 4104 4136 4176  2160 2208 2216 2222 +hsync -vsync (133.2 kHz e)
[   392.312] (II) vmware(0): Modeline "2560x1600"x60.0  348.50  2560 2752 3032 3504  1600 1603 1609 1658 -hsync +vsync (99.5 kHz e)
[   392.312] (II) vmware(0): Modeline "2560x1600"x60.0  268.50  2560 2608 2640 2720  1600 1603 1609 1646 +hsync -vsync (98.7 kHz e)
[   392.312] (II) vmware(0): Modeline "1920x1440"x60.0  234.00  1920 2048 2256 2600  1440 1441 1444 1500 -hsync +vsync (90.0 kHz e)
[   392.312] (II) vmware(0): Modeline "1856x1392"x60.0  218.25  1856 1952 2176 2528  1392 1393 1396 1439 -hsync +vsync (86.3 kHz e)
[   392.312] (II) vmware(0): Modeline "1792x1344"x60.0  204.75  1792 1920 2120 2448  1344 1345 1348 1394 -hsync +vsync (83.6 kHz e)
[   392.312] (II) vmware(0): Modeline "2048x1152"x60.0  162.00  2048 2074 2154 2250  1152 1153 1156 1200 +hsync +vsync (72.0 kHz e)
[   392.312] (II) vmware(0): Modeline "1920x1200"x59.9  193.25  1920 2056 2256 2592  1200 1203 1209 1245 -hsync +vsync (74.6 kHz e)
[   392.312] (II) vmware(0): Modeline "1920x1200"x60.0  154.00  1920 1968 2000 2080  1200 1203 1209 1235 +hsync -vsync (74.0 kHz e)
[   392.312] (II) vmware(0): Modeline "1920x1080"x60.0  148.50  1920 2008 2052 2200  1080 1084 1089 1125 -hsync -vsync (67.5 kHz e)
[   392.312] (II) vmware(0): Modeline "1600x1200"x60.0  162.00  1600 1664 1856 2160  1200 1201 1204 1250 +hsync +vsync (75.0 kHz e)
[   392.312] (II) vmware(0): Modeline "1680x1050"x60.0  146.25  1680 1784 1960 2240  1050 1053 1059 1089 -hsync +vsync (65.3 kHz e)
[   392.312] (II) vmware(0): Modeline "1680x1050"x59.9  119.00  1680 1728 1760 1840  1050 1053 1059 1080 +hsync -vsync (64.7 kHz e)
[   392.312] (II) vmware(0): Modeline "1400x1050"x60.0  121.75  1400 1488 1632 1864  1050 1053 1057 1089 -hsync +vsync (65.3 kHz e)
[   392.312] (II) vmware(0): Modeline "1400x1050"x59.9  101.00  1400 1448 1480 1560  1050 1053 1057 1080 +hsync -vsync (64.7 kHz e)
[   392.312] (II) vmware(0): Modeline "1600x900"x60.0  108.00  1600 1624 1704 1800  900 901 904 1000 +hsync +vsync (60.0 kHz e)
[   392.312] (II) vmware(0): Modeline "1280x1024"x60.0  108.00  1280 1328 1440 1688  1024 1025 1028 1066 +hsync +vsync (64.0 kHz e)
[   392.312] (II) vmware(0): Modeline "1440x900"x59.9  106.50  1440 1520 1672 1904  900 903 909 934 -hsync +vsync (55.9 kHz e)
[   392.312] (II) vmware(0): Modeline "1440x900"x59.9   88.75  1440 1488 1520 1600  900 903 909 926 +hsync -vsync (55.5 kHz e)
[   392.312] (II) vmware(0): Modeline "1280x960"x60.0  108.00  1280 1376 1488 1800  960 961 964 1000 +hsync +vsync (60.0 kHz e)
[   392.312] (II) vmware(0): Modeline "1366x768"x59.8   85.50  1366 1436 1579 1792  768 771 774 798 +hsync +vsync (47.7 kHz e)
[   392.312] (II) vmware(0): Modeline "1366x768"x60.0   72.00  1366 1380 1436 1500  768 769 772 800 +hsync +vsync (48.0 kHz e)
[   392.312] (II) vmware(0): Modeline "1360x768"x60.0   85.50  1360 1424 1536 1792  768 771 777 795 +hsync +vsync (47.7 kHz e)
[   392.312] (II) vmware(0): Modeline "1280x800"x59.8   83.50  1280 1352 1480 1680  800 803 809 831 -hsync +vsync (49.7 kHz e)
[   392.312] (II) vmware(0): Modeline "1280x800"x59.9   71.00  1280 1328 1360 1440  800 803 809 823 +hsync -vsync (49.3 kHz e)
[   392.312] (II) vmware(0): Modeline "1280x768"x59.9   79.50  1280 1344 1472 1664  768 771 778 798 -hsync +vsync (47.8 kHz e)
[   392.312] (II) vmware(0): Modeline "1280x768"x60.0   68.25  1280 1328 1360 1440  768 771 778 790 +hsync -vsync (47.4 kHz e)
[   392.312] (II) vmware(0): Modeline "1280x720"x60.0   74.25  1280 1390 1430 1650  720 725 730 750 +hsync +vsync (45.0 kHz e)
[   392.312] (II) vmware(0): Modeline "1024x768"x60.0   65.00  1024 1048 1184 1344  768 771 777 806 -hsync -vsync (48.4 kHz e)
[   392.312] (II) vmware(0): Modeline "800x600"x60.3   40.00  800 840 968 1056  600 601 605 628 +hsync +vsync (37.9 kHz e)
[   392.312] (II) vmware(0): Modeline "800x600"x56.2   36.00  800 824 896 1024  600 601 603 625 +hsync +vsync (35.2 kHz e)
[   392.312] (II) vmware(0): Modeline "848x480"x60.0   33.75  848 864 976 1088  480 486 494 517 +hsync +vsync (31.0 kHz e)
[   392.312] (II) vmware(0): Modeline "640x480"x59.9   25.18  640 656 752 800  480 490 492 525 -hsync -vsync (31.5 kHz e)
[   392.312] (II) vmware(0): EDID for output Virtual2
[   392.312] (II) vmware(0): EDID for output Virtual3
[   392.312] (II) vmware(0): EDID for output Virtual4
[   392.313] (II) vmware(0): EDID for output Virtual5
[   392.313] (II) vmware(0): EDID for output Virtual6
[   392.313] (II) vmware(0): EDID for output Virtual7
[   392.313] (II) vmware(0): EDID for output Virtual8
[   392.313] (II) vmware(0): Output Virtual1 connected
[   392.313] (II) vmware(0): Output Virtual2 disconnected
[   392.313] (II) vmware(0): Output Virtual3 disconnected
[   392.313] (II) vmware(0): Output Virtual4 disconnected
[   392.313] (II) vmware(0): Output Virtual5 disconnected
[   392.313] (II) vmware(0): Output Virtual6 disconnected
[   392.313] (II) vmware(0): Output Virtual7 disconnected
[   392.313] (II) vmware(0): Output Virtual8 disconnected
[   392.313] (II) vmware(0): Using exact sizes for initial modes
[   392.313] (II) vmware(0): Output Virtual1 using initial mode 1280x800 +0+0
[   392.313] (==) vmware(0): DPI set to (96, 96)
[   392.313] (==) vmware(0): Using gamma correction (1.0, 1.0, 1.0)
[   392.313] (II) Loading sub module "fb"
[   392.313] (II) LoadModule: "fb"
[   392.313] (II) Module "fb" already built-in
[   392.313] (II) Loading sub module "dri2"
[   392.313] (II) LoadModule: "dri2"
[   392.313] (II) Module "dri2" already built-in
[   392.313] (II) Loading sub module "dri3"
[   392.313] (II) LoadModule: "dri3"
[   392.313] (II) Module "dri3" already built-in
[   392.313] (II) UnloadModule: "modesetting"
[   392.313] (II) Unloading modesetting
[   392.313] (II) UnloadModule: "fbdev"
[   392.313] (II) Unloading fbdev
[   392.313] (II) UnloadSubModule: "fbdevhw"
[   392.313] (II) Unloading fbdevhw
[   392.313] (II) UnloadModule: "vesa"
[   392.313] (II) Unloading vesa
[   392.313] (II) vmware(0): Initialized VMWARE_CTRL extension version 0.2
[   392.317] (WW) vmware(0): Failed to initialize Gallium3D Xa. No render acceleration available.
[   392.317] (WW) vmware(0): Skipped initialization of direct rendering due to lack of render acceleration.
[   392.317] (--) vmware(0): Render acceleration is disabled.
[   392.317] (==) vmware(0): Rendercheck mode is disabled.
[   392.317] (--) vmware(0): Direct rendering (DRI2 3D) is disabled.
[   392.317] (--) vmware(0): Direct rendering (DRI3 3D) is disabled.
[   392.317] (==) vmware(0): Backing store enabled
[   392.317] (==) vmware(0): Silken mouse enabled
[   392.317] (==) vmware(0): DPMS enabled
[   392.317] (II) vmware(0): No 3D acceleration. Not setting up textured video.
[   392.317] (WW) vmware(0): Disabling Xv because no adaptors could be initialized.
[   392.317] (II) Initializing extension Generic Event Extension
[   392.318] (II) Initializing extension SHAPE
[   392.318] (II) Initializing extension MIT-SHM
[   392.318] (II) Initializing extension XInputExtension
[   392.319] (II) Initializing extension XTEST
[   392.319] (II) Initializing extension BIG-REQUESTS
[   392.319] (II) Initializing extension SYNC
[   392.320] (II) Initializing extension XKEYBOARD
[   392.320] (II) Initializing extension XC-MISC
[   392.320] (II) Initializing extension SECURITY
[   392.320] (II) Initializing extension XFIXES
[   392.321] (II) Initializing extension RENDER
[   392.321] (II) Initializing extension RANDR
[   392.321] (II) Initializing extension COMPOSITE
[   392.322] (II) Initializing extension DAMAGE
[   392.322] (II) Initializing extension MIT-SCREEN-SAVER
[   392.322] (II) Initializing extension DOUBLE-BUFFER
[   392.322] (II) Initializing extension RECORD
[   392.322] (II) Initializing extension DPMS
[   392.322] (II) Initializing extension Present
[   392.322] (II) Initializing extension DRI3
[   392.322] (II) Initializing extension X-Resource
[   392.322] (II) Initializing extension XVideo
[   392.322] (II) Initializing extension XVideo-MotionCompensation
[   392.322] (II) Initializing extension SELinux
[   392.322] (II) SELinux: Disabled on system
[   392.322] (II) Initializing extension GLX
[   392.324] (II) AIGLX: Screen 0 is not DRI2 capable
[   392.351] (II) IGLX: Loaded and initialized swrast
[   392.351] (II) GLX: Initialized DRISWRAST GL provider for screen 0
[   392.351] (II) Initializing extension XFree86-VidModeExtension
[   392.352] (II) Initializing extension XFree86-DGA
[   392.352] (II) Initializing extension XFree86-DRI
[   392.352] (II) Initializing extension DRI2
[   392.357] (II) vmware(0): Setting screen physical size to 338 x 211
[   392.446] (II) config/udev: Adding input device Power Button (/dev/input/event0)
[   392.446] (**) Power Button: Applying InputClass "libinput keyboard catchall"
[   392.446] (II) LoadModule: "libinput"
[   392.447] (II) Loading /usr/lib/xorg/modules/input/libinput_drv.so
[   392.453] (II) Module libinput: vendor="X.Org Foundation"
[   392.453] 	compiled for 1.21.1.11, module version = 1.4.0
[   392.453] 	Module class: X.Org XInput Driver
[   392.453] 	ABI class: X.Org XInput driver, version 24.4
[   392.453] (II) Using input driver 'libinput' for 'Power Button'
[   392.454] (II) systemd-logind: got fd for /dev/input/event0 13:64 fd 21 paused 0
[   392.454] (**) Power Button: always reports core events
[   392.454] (**) Option "Device" "/dev/input/event0"
[   392.460] (II) event0  - Power Button: is tagged by udev as: Keyboard
[   392.460] (II) event0  - Power Button: device is a keyboard
[   392.460] (II) event0  - Power Button: device removed
[   392.460] (**) Option "config_info" "udev:/sys/devices/LNXSYSTM:00/LNXPWRBN:00/input/input0/event0"
[   392.460] (II) XINPUT: Adding extended input device "Power Button" (type: KEYBOARD, id 6)
[   392.460] (**) Option "xkb_model" "pc105"
[   392.460] (**) Option "xkb_layout" "us"
[   392.463] (II) event0  - Power Button: is tagged by udev as: Keyboard
[   392.463] (II) event0  - Power Button: device is a keyboard
[   392.465] (II) config/udev: Adding input device Sleep Button (/dev/input/event1)
[   392.465] (**) Sleep Button: Applying InputClass "libinput keyboard catchall"
[   392.465] (II) Using input driver 'libinput' for 'Sleep Button'
[   392.466] (II) systemd-logind: got fd for /dev/input/event1 13:65 fd 24 paused 0
[   392.466] (**) Sleep Button: always reports core events
[   392.466] (**) Option "Device" "/dev/input/event1"
[   392.469] (II) event1  - Sleep Button: is tagged by udev as: Keyboard
[   392.469] (II) event1  - Sleep Button: device is a keyboard
[   392.469] (II) event1  - Sleep Button: device removed
[   392.469] (**) Option "config_info" "udev:/sys/devices/LNXSYSTM:00/LNXSLPBN:00/input/input1/event1"
[   392.469] (II) XINPUT: Adding extended input device "Sleep Button" (type: KEYBOARD, id 7)
[   392.469] (**) Option "xkb_model" "pc105"
[   392.469] (**) Option "xkb_layout" "us"
[   392.471] (II) event1  - Sleep Button: is tagged by udev as: Keyboard
[   392.471] (II) event1  - Sleep Button: device is a keyboard
[   392.473] (II) config/udev: Adding input device Video Bus (/dev/input/event4)
[   392.473] (**) Video Bus: Applying InputClass "libinput keyboard catchall"
[   392.473] (II) Using input driver 'libinput' for 'Video Bus'
[   392.475] (II) systemd-logind: got fd for /dev/input/event4 13:68 fd 25 paused 0
[   392.475] (**) Video Bus: always reports core events
[   392.475] (**) Option "Device" "/dev/input/event4"
[   392.478] (II) event4  - Video Bus: is tagged by udev as: Keyboard
[   392.478] (II) event4  - Video Bus: device is a keyboard
[   392.478] (II) event4  - Video Bus: device removed
[   392.478] (**) Option "config_info" "udev:/sys/devices/LNXSYSTM:00/LNXSYBUS:00/PNP0A03:00/LNXVIDEO:00/input/input5/event4"
[   392.478] (II) XINPUT: Adding extended input device "Video Bus" (type: KEYBOARD, id 8)
[   392.478] (**) Option "xkb_model" "pc105"
[   392.478] (**) Option "xkb_layout" "us"
[   392.481] (II) event4  - Video Bus: is tagged by udev as: Keyboard
[   392.481] (II) event4  - Video Bus: device is a keyboard
[   392.483] (II) config/udev: Adding input device VirtualBox mouse integration (/dev/input/event6)
[   392.483] (**) VirtualBox mouse integration: Applying InputClass "libinput pointer catchall"
[   392.483] (II) Using input driver 'libinput' for 'VirtualBox mouse integration'
[   392.485] (II) systemd-logind: got fd for /dev/input/event6 13:70 fd 26 paused 0
[   392.485] (**) VirtualBox mouse integration: always reports core events
[   392.485] (**) Option "Device" "/dev/input/event6"
[   392.487] (II) event6  - VirtualBox mouse integration: is tagged by udev as: Mouse
[   392.487] (II) event6  - VirtualBox mouse integration: device is a pointer
[   392.488] (II) event6  - VirtualBox mouse integration: device removed
[   392.488] (**) Option "config_info" "udev:/sys/devices/pci0000:00/0000:00:04.0/input/input7/event6"
[   392.488] (II) XINPUT: Adding extended input device "VirtualBox mouse integration" (type: MOUSE, id 9)
[   392.488] (**) Option "AccelerationScheme" "none"
[   392.488] (**) VirtualBox mouse integration: (accel) selected scheme none/0
[   392.488] (**) VirtualBox mouse integration: (accel) acceleration factor: 2.000
[   392.488] (**) VirtualBox mouse integration: (accel) acceleration threshold: 4
[   392.489] (II) event6  - VirtualBox mouse integration: is tagged by udev as: Mouse
[   392.490] (II) event6  - VirtualBox mouse integration: device is a pointer
[   392.491] (II) config/udev: Adding input device VirtualBox mouse integration (/dev/input/js1)
[   392.491] (II) No input driver specified, ignoring this device.
[   392.491] (II) This device may have been added with another device file.
[   392.491] (II) config/udev: Adding input device VirtualBox mouse integration (/dev/input/mouse2)
[   392.491] (II) No input driver specified, ignoring this device.
[   392.491] (II) This device may have been added with another device file.
[   392.493] (II) config/udev: Adding input device VirtualBox USB Tablet (/dev/input/event3)
[   392.493] (**) VirtualBox USB Tablet: Applying InputClass "libinput pointer catchall"
[   392.493] (II) Using input driver 'libinput' for 'VirtualBox USB Tablet'
[   392.602] (II) systemd-logind: got fd for /dev/input/event3 13:67 fd 27 paused 0
[   392.602] (**) VirtualBox USB Tablet: always reports core events
[   392.602] (**) Option "Device" "/dev/input/event3"
[   392.608] (II) event3  - VirtualBox USB Tablet: is tagged by udev as: Mouse
[   392.609] (II) event3  - VirtualBox USB Tablet: device is a pointer
[   392.610] (II) event3  - VirtualBox USB Tablet: device removed
[   392.610] (**) Option "config_info" "udev:/sys/devices/pci0000:00/0000:00:06.0/usb2/2-1/2-1:1.0/0003:80EE:0021.0001/input/input4/event3"
[   392.610] (II) XINPUT: Adding extended input device "VirtualBox USB Tablet" (type: MOUSE, id 10)
[   392.611] (**) Option "AccelerationScheme" "none"
[   392.611] (**) VirtualBox USB Tablet: (accel) selected scheme none/0
[   392.611] (**) VirtualBox USB Tablet: (accel) acceleration factor: 2.000
[   392.611] (**) VirtualBox USB Tablet: (accel) acceleration threshold: 4
[   392.617] (II) event3  - VirtualBox USB Tablet: is tagged by udev as: Mouse
[   392.618] (II) event3  - VirtualBox USB Tablet: device is a pointer
[   392.623] (II) config/udev: Adding input device VirtualBox USB Tablet (/dev/input/js0)
[   392.623] (II) No input driver specified, ignoring this device.
[   392.623] (II) This device may have been added with another device file.
[   392.625] (II) config/udev: Adding input device VirtualBox USB Tablet (/dev/input/mouse0)
[   392.625] (II) No input driver specified, ignoring this device.
[   392.625] (II) This device may have been added with another device file.
[   392.628] (II) config/udev: Adding input device AT Translated Set 2 keyboard (/dev/input/event2)
[   392.628] (**) AT Translated Set 2 keyboard: Applying InputClass "libinput keyboard catchall"
[   392.628] (II) Using input driver 'libinput' for 'AT Translated Set 2 keyboard'
[   392.631] (II) systemd-logind: got fd for /dev/input/event2 13:66 fd 28 paused 0
[   392.631] (**) AT Translated Set 2 keyboard: always reports core events
[   392.631] (**) Option "Device" "/dev/input/event2"
[   392.634] (II) event2  - AT Translated Set 2 keyboard: is tagged by udev as: Keyboard
[   392.635] (II) event2  - AT Translated Set 2 keyboard: device is a keyboard
[   392.636] (II) event2  - AT Translated Set 2 keyboard: device removed
[   392.636] (**) Option "config_info" "udev:/sys/devices/platform/i8042/serio0/input/input2/event2"
[   392.636] (II) XINPUT: Adding extended input device "AT Translated Set 2 keyboard" (type: KEYBOARD, id 11)
[   392.636] (**) Option "xkb_model" "pc105"
[   392.636] (**) Option "xkb_layout" "us"
[   392.639] (II) event2  - AT Translated Set 2 keyboard: is tagged by udev as: Keyboard
[   392.639] (II) event2  - AT Translated Set 2 keyboard: device is a keyboard
[   392.643] (II) config/udev: Adding input device ImExPS/2 Generic Explorer Mouse (/dev/input/event5)
[   392.643] (**) ImExPS/2 Generic Explorer Mouse: Applying InputClass "libinput pointer catchall"
[   392.643] (II) Using input driver 'libinput' for 'ImExPS/2 Generic Explorer Mouse'
[   392.646] (II) systemd-logind: got fd for /dev/input/event5 13:69 fd 29 paused 0
[   392.646] (**) ImExPS/2 Generic Explorer Mouse: always reports core events
[   392.646] (**) Option "Device" "/dev/input/event5"
[   392.654] (II) event5  - ImExPS/2 Generic Explorer Mouse: is tagged by udev as: Mouse
[   392.655] (II) event5  - ImExPS/2 Generic Explorer Mouse: device is a pointer
[   392.656] (II) event5  - ImExPS/2 Generic Explorer Mouse: device removed
[   392.656] (II) libinput: ImExPS/2 Generic Explorer Mouse: Step value 0 was provided, libinput Fallback acceleration function is used.
[   392.656] (II) libinput: ImExPS/2 Generic Explorer Mouse: Step value 0 was provided, libinput Fallback acceleration function is used.
[   392.656] (II) libinput: ImExPS/2 Generic Explorer Mouse: Step value 0 was provided, libinput Fallback acceleration function is used.
[   392.656] (**) Option "config_info" "udev:/sys/devices/platform/i8042/serio1/input/input6/event5"
[   392.656] (II) XINPUT: Adding extended input device "ImExPS/2 Generic Explorer Mouse" (type: MOUSE, id 12)
[   392.656] (**) Option "AccelerationScheme" "none"
[   392.656] (**) ImExPS/2 Generic Explorer Mouse: (accel) selected scheme none/0
[   392.657] (**) ImExPS/2 Generic Explorer Mouse: (accel) acceleration factor: 2.000
[   392.657] (**) ImExPS/2 Generic Explorer Mouse: (accel) acceleration threshold: 4
[   392.658] (II) event5  - ImExPS/2 Generic Explorer Mouse: is tagged by udev as: Mouse
[   392.658] (II) event5  - ImExPS/2 Generic Explorer Mouse: device is a pointer
[   392.660] (II) config/udev: Adding input device ImExPS/2 Generic Explorer Mouse (/dev/input/mouse1)
[   392.660] (II) No input driver specified, ignoring this device.
[   392.660] (II) This device may have been added with another device file.
[   394.413] (**) Option "fd" "21"
[   394.413] (II) event0  - Power Button: device removed
[   394.413] (**) Option "fd" "24"
[   394.413] (II) event1  - Sleep Button: device removed
[   394.413] (**) Option "fd" "25"
[   394.413] (II) event4  - Video Bus: device removed
[   394.413] (**) Option "fd" "26"
[   394.413] (II) event6  - VirtualBox mouse integration: device removed
[   394.413] (**) Option "fd" "27"
[   394.413] (II) event3  - VirtualBox USB Tablet: device removed
[   394.413] (**) Option "fd" "28"
[   394.413] (II) event2  - AT Translated Set 2 keyboard: device removed
[   394.413] (**) Option "fd" "29"
[   394.413] (II) event5  - ImExPS/2 Generic Explorer Mouse: device removed
[   394.417] (II) UnloadModule: "libinput"
[   394.417] (II) systemd-logind: releasing fd for 13:69
[   394.419] (II) UnloadModule: "libinput"
[   394.419] (II) systemd-logind: releasing fd for 13:66
[   394.421] (II) UnloadModule: "libinput"
[   394.421] (II) systemd-logind: releasing fd for 13:67
[   394.425] (II) UnloadModule: "libinput"
[   394.425] (II) systemd-logind: releasing fd for 13:70
[   394.426] (II) UnloadModule: "libinput"
[   394.426] (II) systemd-logind: releasing fd for 13:68
[   394.427] (II) UnloadModule: "libinput"
[   394.427] (II) systemd-logind: releasing fd for 13:65
[   394.430] (II) UnloadModule: "libinput"
[   394.430] (II) systemd-logind: releasing fd for 13:64
[   394.456] (II) Server terminated successfully (0). Closing log file.
